Building DAG of jobs...
Using shell: /usr/bin/bash
Provided cores: 1 (use --cores to define parallelism)
Rules claiming more threads will be scaled down.
Job stats:
job              count    min threads    max threads
-------------  -------  -------------  -------------
all                  1              1              1
tidytext             1              1              1
visualisation        1              1              1
total                3              1              1

Select jobs to execute...

[Fri Nov 29 17:22:27 2024]
rule tidytext:
    input: clean/article_info.tsv
    output: clean/cleaned_article_info.tsv
    jobid: 2
    resources: tmpdir=/tmp

[Fri Nov 29 17:22:49 2024]
Finished job 2.
1 of 3 steps (33%) done
Select jobs to execute...

[Fri Nov 29 17:22:49 2024]
rule visualisation:
    input: clean/cleaned_article_info.tsv
    output: plot/word_frequency_plot.png
    jobid: 1
    resources: tmpdir=/tmp

[Fri Nov 29 17:22:52 2024]
Finished job 1.
2 of 3 steps (67%) done
Select jobs to execute...

[Fri Nov 29 17:22:52 2024]
localrule all:
    input: plot/word_frequency_plot.png
    jobid: 0
    resources: tmpdir=/tmp

[Fri Nov 29 17:22:52 2024]
Finished job 0.
3 of 3 steps (100%) done
Complete log: /mnt/d/r/AHDS_assessment_code_2600216/.snakemake/log/2024-11-29T172226.553354.snakemake.log
