Building DAG of jobs...
Using shell: /usr/bin/bash
Provided cores: 1 (use --cores to define parallelism)
Rules claiming more threads will be scaled down.
Job stats:
job      count    min threads    max threads
-----  -------  -------------  -------------
step2        1              1              1
total        1              1              1

Select jobs to execute...

[Fri Nov 29 16:58:30 2024]
rule step2:
    input: raw/data/pmids.xml
    output: clean/article_info.tsv
    jobid: 0
    resources: tmpdir=/tmp


        bash scripts/step2.sh
        
Waiting at most 5 seconds for missing files.
MissingOutputException in line 13 of /mnt/d/r/AHDS_assessment_code_2600216/Snakefile:
Job Missing files after 5 seconds:
clean/article_info.tsv
This might be due to filesystem latency. If that is the case, consider to increase the wait time with --latency-wait.
Job id: 0 completed successfully, but some output files are missing. 0
Shutting down, this might take some time.
Exiting because a job execution failed. Look above for error message
Complete log: /mnt/d/r/AHDS_assessment_code_2600216/.snakemake/log/2024-11-29T165829.536144.snakemake.log
