host: DESKTOP-AKQE49A
Building DAG of jobs...
Using shell: /usr/bin/bash
Provided cores: 1 (use --cores to define parallelism)
Rules claiming more threads will be scaled down.
Job stats:
job              count
-------------  -------
all                  1
visualisation        1
total                2

Select jobs to execute...
Execute 1 jobs...

[Sun Dec  1 09:41:57 2024]
localrule visualisation:
    input: clean/cleaned_article_info.tsv
    output: plot/word_frequency_plot.png
    jobid: 1
    reason: Missing output files: plot/word_frequency_plot.png
    resources: tmpdir=/tmp

[Sun Dec  1 09:42:00 2024]
Finished job 1.
1 of 2 steps (50%) done
Select jobs to execute...
Execute 1 jobs...

[Sun Dec  1 09:42:00 2024]
localrule all:
    input: plot/word_frequency_plot.png
    jobid: 0
    reason: Input files updated by another job: plot/word_frequency_plot.png
    resources: tmpdir=/tmp

[Sun Dec  1 09:42:00 2024]
Finished job 0.
2 of 2 steps (100%) done
Complete log: .snakemake/log/2024-12-01T094157.309438.snakemake.log
