Building DAG of jobs...
Using shell: /usr/bin/bash
Provided cores: 1 (use --cores to define parallelism)
Rules claiming more threads will be scaled down.
Job stats:
job      count    min threads    max threads
-----  -------  -------------  -------------
step1        1              1              1
step2        1              1              1
total        2              1              1

Select jobs to execute...

[Fri Nov 29 17:15:13 2024]
rule step1:
    output: raw/data/pmids.xml
    jobid: 1
    resources: tmpdir=/tmp


        bash scripts/step1.sh
        
Waiting at most 5 seconds for missing files.
MissingOutputException in line 5 of /mnt/d/r/AHDS_assessment_code_2600216/Snakefile:
Job Missing files after 5 seconds:
raw/data/pmids.xml
This might be due to filesystem latency. If that is the case, consider to increase the wait time with --latency-wait.
Job id: 1 completed successfully, but some output files are missing. 1
Shutting down, this might take some time.
Exiting because a job execution failed. Look above for error message
Complete log: /mnt/d/r/AHDS_assessment_code_2600216/.snakemake/log/2024-11-29T171512.083793.snakemake.log
