Building DAG of jobs...
Using shell: /usr/bin/bash
Provided cores: 1 (use --cores to define parallelism)
Rules claiming more threads will be scaled down.
Job stats:
job              count    min threads    max threads
-------------  -------  -------------  -------------
all                  1              1              1
tidytext             1              1              1
visualisation        1              1              1
total                3              1              1

Select jobs to execute...

[Thu Nov 28 21:43:56 2024]
rule tidytext:
    input: clean/article_info.tsv
    output: clean/cleaned_article_info.tsv
    jobid: 0
    resources: tmpdir=/tmp

Waiting at most 5 seconds for missing files.
MissingOutputException in line 23 of /mnt/d/R/AHDS_assessment_code_2600216/Snakefile:
Job Missing files after 5 seconds:
clean/cleaned_article_info.tsv
This might be due to filesystem latency. If that is the case, consider to increase the wait time with --latency-wait.
Job id: 0 completed successfully, but some output files are missing. 0
Shutting down, this might take some time.
Exiting because a job execution failed. Look above for error message
Complete log: /mnt/d/R/AHDS_assessment_code_2600216/.snakemake/log/2024-11-28T214354.246472.snakemake.log
