Building DAG of jobs...
Using shell: /usr/bin/bash
Provided cores: 1 (use --cores to define parallelism)
Rules claiming more threads will be scaled down.
Job stats:
job         count    min threads    max threads
--------  -------  -------------  -------------
tidytext        1              1              1
total           1              1              1

Select jobs to execute...

[Fri Nov 29 23:46:32 2024]
rule tidytext:
    input: clean/article_info.tsv
    output: clean/cleaned_article_info.tsv
    jobid: 0
    resources: tmpdir=/tmp

Rscript scripts/tidytext.R
[Fri Nov 29 23:46:55 2024]
Finished job 0.
1 of 1 steps (100%) done
Complete log: /mnt/d/r/AHDS_assessment_code_2600216/.snakemake/log/2024-11-29T234631.670903.snakemake.log
