host: DESKTOP-AKQE49A
Building DAG of jobs...
Using shell: /usr/bin/bash
Provided cores: 4
Rules claiming more threads will be scaled down.
Job stats:
job               count
--------------  -------
process_titles        1
total                 1

Select jobs to execute...
Execute 1 jobs...

[Thu Nov 21 11:55:12 2024]
localrule process_titles:
    input: raw/article_info.tsv
    output: clean/cleand_article_info.tsv
    jobid: 0
    reason: Forced execution
    resources: tmpdir=/tmp

RuleException:
CalledProcessError in file /mnt/d/R/AHDS_assessment_code_2600216/Snakefile, line 7:
Command 'set -euo pipefail;  Rscript --vanilla /mnt/d/R/AHDS_assessment_code_2600216/.snakemake/scripts/tmpj8eq8ynd.tidytext.R' returned non-zero exit status 1.
[Thu Nov 21 11:55:13 2024]
Error in rule process_titles:
    jobid: 0
    input: raw/article_info.tsv
    output: clean/cleand_article_info.tsv

Shutting down, this might take some time.
Exiting because a job execution failed. Look above for error message
Complete log: .snakemake/log/2024-11-21T115512.696671.snakemake.log
WorkflowError:
At least one job did not complete successfully.
