Building DAG of jobs...
Using shell: /usr/bin/bash
Provided cores: 1 (use --cores to define parallelism)
Rules claiming more threads will be scaled down.
Job stats:
job      count    min threads    max threads
-----  -------  -------------  -------------
step1        1              1              1
total        1              1              1

Select jobs to execute...

[Fri Nov 29 17:12:56 2024]
rule step1:
    output: raw/data/pmids.xml
    jobid: 0
    resources: tmpdir=/tmp


        bash scripts/step1.sh
        
Terminating processes on user request, this might take some time.
[Fri Nov 29 17:12:58 2024]
Error in rule step1:
    jobid: 0
    output: raw/data/pmids.xml
    shell:
        
        bash scripts/step1.sh
        
        (one of the commands exited with non-zero exit code; note that snakemake uses bash strict mode!)

Complete log: /mnt/d/r/AHDS_assessment_code_2600216/.snakemake/log/2024-11-29T171255.183698.snakemake.log
