Building DAG of jobs...
Using shell: /usr/bin/bash
Provided cores: 1 (use --cores to define parallelism)
Rules claiming more threads will be scaled down.
Job stats:
job              count    min threads    max threads
-------------  -------  -------------  -------------
all                  1              1              1
step2                1              1              1
tidytext             1              1              1
visualisation        1              1              1
total                4              1              1

Select jobs to execute...

[Fri Nov 29 17:29:45 2024]
rule step2:
    input: raw/data/pmids.xml
    output: clean/article_info.tsv
    jobid: 3
    resources: tmpdir=/tmp

[Fri Nov 29 17:29:48 2024]
Finished job 3.
1 of 4 steps (25%) done
Select jobs to execute...

[Fri Nov 29 17:29:48 2024]
rule tidytext:
    input: clean/article_info.tsv
    output: clean/cleaned_article_info.tsv
    jobid: 2
    resources: tmpdir=/tmp

[Fri Nov 29 17:30:09 2024]
Finished job 2.
2 of 4 steps (50%) done
Select jobs to execute...

[Fri Nov 29 17:30:09 2024]
rule visualisation:
    input: clean/cleaned_article_info.tsv
    output: plot/word_frequency_plot.png
    jobid: 1
    resources: tmpdir=/tmp

[Fri Nov 29 17:30:12 2024]
Finished job 1.
3 of 4 steps (75%) done
Select jobs to execute...

[Fri Nov 29 17:30:12 2024]
localrule all:
    input: plot/word_frequency_plot.png
    jobid: 0
    resources: tmpdir=/tmp

[Fri Nov 29 17:30:12 2024]
Finished job 0.
4 of 4 steps (100%) done
Complete log: /mnt/d/r/AHDS_assessment_code_2600216/.snakemake/log/2024-11-29T172944.706822.snakemake.log
