Building DAG of jobs...
Using shell: /usr/bin/bash
Provided cores: 1 (use --cores to define parallelism)
Rules claiming more threads will be scaled down.
Job stats:
job              count    min threads    max threads
-------------  -------  -------------  -------------
all                  1              1              1
tidytext             1              1              1
visualisation        1              1              1
total                3              1              1

Select jobs to execute...

[Thu Nov 28 21:40:16 2024]
rule tidytext:
    input: clean/article_info.tsv
    output: clean/cleaned_article_info.tsv
    jobid: 2
    resources: tmpdir=/tmp

[Thu Nov 28 21:40:16 2024]
Error in rule tidytext:
    jobid: 2
    output: clean/cleaned_article_info.tsv
    shell:
        scripts/tidytext.R
        (one of the commands exited with non-zero exit code; note that snakemake uses bash strict mode!)

Shutting down, this might take some time.
Exiting because a job execution failed. Look above for error message
Complete log: /mnt/d/R/AHDS_assessment_code_2600216/.snakemake/log/2024-11-28T214014.537273.snakemake.log
