Building DAG of jobs...
Using shell: /usr/bin/bash
Provided cores: 4
Rules claiming more threads will be scaled down.
Conda environments: ignored
Job stats:
job                  count    min threads    max threads
-----------------  -------  -------------  -------------
process_text_data        1              1              1
total                    1              1              1

Select jobs to execute...

[Thu Nov 21 03:49:30 2024]
rule process_text_data:
    input: raw/article_info.tsv
    output: clean/cleaned_article_info.tsv
    jobid: 0
    resources: tmpdir=/tmp

[Thu Nov 21 03:49:52 2024]
Finished job 0.
1 of 1 steps (100%) done
Complete log: /mnt/d/R/AHDS_assessment_code_2600216/.snakemake/log/2024-11-21T034929.048667.snakemake.log
