Building DAG of jobs...
Using shell: /usr/bin/bash
Provided cores: 1 (use --cores to define parallelism)
Rules claiming more threads will be scaled down.
Job stats:
job              count    min threads    max threads
-------------  -------  -------------  -------------
all                  1              1              1
step1                1              1              1
step2                1              1              1
tidytext             1              1              1
visualisation        1              1              1
total                5              1              1

Select jobs to execute...

[Fri Nov 29 18:09:31 2024]
rule step1:
    output: raw/data/pmids.xml
    jobid: 4
    resources: tmpdir=/tmp

[Fri Nov 29 21:35:48 2024]
Finished job 4.
1 of 5 steps (20%) done
Select jobs to execute...

[Fri Nov 29 21:35:48 2024]
rule step2:
    input: raw/data/pmids.xml
    output: clean/article_info.tsv
    jobid: 3
    resources: tmpdir=/tmp

[Fri Nov 29 21:35:51 2024]
Finished job 3.
2 of 5 steps (40%) done
Select jobs to execute...

[Fri Nov 29 21:35:51 2024]
rule tidytext:
    input: clean/article_info.tsv
    output: clean/cleaned_article_info.tsv
    jobid: 2
    resources: tmpdir=/tmp

[Fri Nov 29 21:36:21 2024]
Finished job 2.
3 of 5 steps (60%) done
Select jobs to execute...

[Fri Nov 29 21:36:21 2024]
rule visualisation:
    input: clean/cleaned_article_info.tsv
    output: plot/word_frequency_plot.png
    jobid: 1
    resources: tmpdir=/tmp

[Fri Nov 29 21:36:25 2024]
Finished job 1.
4 of 5 steps (80%) done
Select jobs to execute...

[Fri Nov 29 21:36:25 2024]
localrule all:
    input: plot/word_frequency_plot.png
    jobid: 0
    resources: tmpdir=/tmp

[Fri Nov 29 21:36:25 2024]
Finished job 0.
5 of 5 steps (100%) done
Complete log: /mnt/d/r/AHDS_assessment_code_2600216/.snakemake/log/2024-11-29T180930.483149.snakemake.log
