Building DAG of jobs...
Using shell: /usr/bin/bash
Provided cores: 1 (use --cores to define parallelism)
Rules claiming more threads will be scaled down.
Job stats:
job      count    min threads    max threads
-----  -------  -------------  -------------
step2        1              1              1
total        1              1              1

Select jobs to execute...

[Fri Nov 29 22:31:00 2024]
rule step2:
    input: raw/data/pmids.xml
    output: clean/article_info.tsv
    jobid: 0
    resources: tmpdir=/tmp


        bash scripts/step2.sh
        
[Fri Nov 29 23:36:57 2024]
Finished job 0.
1 of 1 steps (100%) done
Complete log: /mnt/d/r/AHDS_assessment_code_2600216/.snakemake/log/2024-11-29T223058.994744.snakemake.log
