Building DAG of jobs...
Using shell: /usr/bin/bash
Provided cores: 1 (use --cores to define parallelism)
Rules claiming more threads will be scaled down.
Job stats:
job      count    min threads    max threads
-----  -------  -------------  -------------
step2        1              1              1
total        1              1              1

Select jobs to execute...

[Fri Nov 29 22:06:44 2024]
rule step2:
    input: raw/data/pmids.xml
    output: clean/article_info.tsv
    jobid: 0
    resources: tmpdir=/tmp


        bash scripts/step2.sh
        
Terminating processes on user request, this might take some time.
[Fri Nov 29 22:08:58 2024]
Error in rule step2:
    jobid: 0
    output: clean/article_info.tsv
    shell:
        
        bash scripts/step2.sh
        
        (one of the commands exited with non-zero exit code; note that snakemake uses bash strict mode!)

Complete log: /mnt/d/r/AHDS_assessment_code_2600216/.snakemake/log/2024-11-29T220642.346917.snakemake.log
