Building DAG of jobs...
Using shell: /usr/bin/bash
Provided cores: 1 (use --cores to define parallelism)
Rules claiming more threads will be scaled down.
Job stats:
job              count    min threads    max threads
-------------  -------  -------------  -------------
all                  1              1              1
tidytext             1              1              1
visualisation        1              1              1
total                3              1              1

Select jobs to execute...

[Thu Nov 28 22:36:14 2024]
rule tidytext:
    input: clean/article_info.tsv
    output: clean/cleaned_article_info.tsv
    jobid: 2
    resources: tmpdir=/tmp

[Thu Nov 28 22:36:43 2024]
Finished job 2.
1 of 3 steps (33%) done
Select jobs to execute...

[Thu Nov 28 22:36:43 2024]
rule visualisation:
    input: clean/cleaned_article_info.tsv
    output: clean/visualisation.png
    jobid: 1
    resources: tmpdir=/tmp

Waiting at most 5 seconds for missing files.
MissingOutputException in line 32 of /mnt/d/R/AHDS_assessment_code_2600216/Snakefile:
Job Missing files after 5 seconds:
clean/visualisation.png
This might be due to filesystem latency. If that is the case, consider to increase the wait time with --latency-wait.
Job id: 1 completed successfully, but some output files are missing. 1
Shutting down, this might take some time.
Exiting because a job execution failed. Look above for error message
Complete log: /mnt/d/R/AHDS_assessment_code_2600216/.snakemake/log/2024-11-28T223612.657967.snakemake.log
