Building DAG of jobs...
Using shell: /usr/bin/bash
Provided cores: 1 (use --cores to define parallelism)
Rules claiming more threads will be scaled down.
Job stats:
job      count    min threads    max threads
-----  -------  -------------  -------------
step1        1              1              1
step2        1              1              1
total        2              1              1

Select jobs to execute...

[Fri Nov 29 17:22:07 2024]
rule step1:
    output: raw/data/pmids.xml
    jobid: 1
    resources: tmpdir=/tmp


        bash scripts/step1.sh
        
[Fri Nov 29 17:22:14 2024]
Finished job 1.
1 of 2 steps (50%) done
Select jobs to execute...

[Fri Nov 29 17:22:14 2024]
rule step2:
    input: raw/data/pmids.xml
    output: clean/article_info.tsv
    jobid: 0
    resources: tmpdir=/tmp


        bash scripts/step2.sh
        
[Fri Nov 29 17:22:17 2024]
Finished job 0.
2 of 2 steps (100%) done
Complete log: /mnt/d/r/AHDS_assessment_code_2600216/.snakemake/log/2024-11-29T172206.056679.snakemake.log
