Building DAG of jobs...
Using shell: /usr/bin/bash
Provided cores: 1 (use --cores to define parallelism)
Rules claiming more threads will be scaled down.
Job stats:
job              count    min threads    max threads
-------------  -------  -------------  -------------
all                  1              1              1
visualisation        1              1              1
total                2              1              1

Select jobs to execute...

[Fri Nov 29 18:03:49 2024]
rule visualisation:
    input: clean/cleaned_article_info.tsv
    output: plot/word_frequency_plot.png
    jobid: 1
    resources: tmpdir=/tmp

[Fri Nov 29 18:03:51 2024]
Error in rule visualisation:
    jobid: 1
    output: plot/word_frequency_plot.png
    shell:
        Rscript scripts/visualisation.R
        (one of the commands exited with non-zero exit code; note that snakemake uses bash strict mode!)

Shutting down, this might take some time.
Exiting because a job execution failed. Look above for error message
Complete log: /mnt/d/r/AHDS_assessment_code_2600216/.snakemake/log/2024-11-29T180348.197357.snakemake.log
